Analysis & Synthesis report for vending_machine
Wed Dec  7 20:51:09 2022
Quartus Prime Version 21.1.1 Build 850 06/23/2022 SJ Lite Edition


---------------------
; Table of Contents ;
---------------------
  1. Legal Notice
  2. Analysis & Synthesis Summary
  3. Analysis & Synthesis Settings
  4. Parallel Compilation
  5. Analysis & Synthesis Source Files Read
  6. Analysis & Synthesis Resource Usage Summary
  7. Analysis & Synthesis Resource Utilization by Entity
  8. State Machine - |vending_machine|y
  9. Registers Removed During Synthesis
 10. General Register Statistics
 11. Multiplexer Restructuring Statistics (Restructuring Performed)
 12. Parameter Settings for User Entity Instance: Top-level Entity: |vending_machine
 13. Post-Synthesis Netlist Statistics for Top Partition
 14. Elapsed Time Per Partition
 15. Analysis & Synthesis Messages
 16. Analysis & Synthesis Suppressed Messages



----------------
; Legal Notice ;
----------------
Copyright (C) 2022  Intel Corporation. All rights reserved.
Your use of Intel Corporation's design tools, logic functions 
and other software and tools, and any partner logic 
functions, and any output files from any of the foregoing 
(including device programming or simulation files), and any 
associated documentation or information are expressly subject 
to the terms and conditions of the Intel Program License 
Subscription Agreement, the Intel Quartus Prime License Agreement,
the Intel FPGA IP License Agreement, or other applicable license
agreement, including, without limitation, that your use is for
the sole purpose of programming logic devices manufactured by
Intel and sold by Intel or its authorized distributors.  Please
refer to the applicable agreement for further details, at
https://fpgasoftware.intel.com/eula.



+-------------------------------------------------------------------------------+
; Analysis & Synthesis Summary                                                  ;
+---------------------------------+---------------------------------------------+
; Analysis & Synthesis Status     ; Successful - Wed Dec  7 20:51:09 2022       ;
; Quartus Prime Version           ; 21.1.1 Build 850 06/23/2022 SJ Lite Edition ;
; Revision Name                   ; vending_machine                             ;
; Top-level Entity Name           ; vending_machine                             ;
; Family                          ; Cyclone V                                   ;
; Logic utilization (in ALMs)     ; N/A                                         ;
; Total registers                 ; 6                                           ;
; Total pins                      ; 7                                           ;
; Total virtual pins              ; 0                                           ;
; Total block memory bits         ; 0                                           ;
; Total DSP Blocks                ; 0                                           ;
; Total HSSI RX PCSs              ; 0                                           ;
; Total HSSI PMA RX Deserializers ; 0                                           ;
; Total HSSI TX PCSs              ; 0                                           ;
; Total HSSI PMA TX Serializers   ; 0                                           ;
; Total PLLs                      ; 0                                           ;
; Total DLLs                      ; 0                                           ;
+---------------------------------+---------------------------------------------+


+---------------------------------------------------------------------------------------------------------------------------+
; Analysis & Synthesis Settings                                                                                             ;
+---------------------------------------------------------------------------------+--------------------+--------------------+
; Option                                                                          ; Setting            ; Default Value      ;
+---------------------------------------------------------------------------------+--------------------+--------------------+
; Device                                                                          ; 5CGXFC7C7F23C8     ;                    ;
; Top-level entity name                                                           ; vending_machine    ; vending_machine    ;
; Family name                                                                     ; Cyclone V          ; Cyclone V          ;
; Use smart compilation                                                           ; Off                ; Off                ;
; Enable parallel Assembler and Timing Analyzer during compilation                ; On                 ; On                 ;
; Enable compact report table                                                     ; Off                ; Off                ;
; Restructure Multiplexers                                                        ; Auto               ; Auto               ;
; MLAB Add Timing Constraints For Mixed-Port Feed-Through Mode Setting Don't Care ; Off                ; Off                ;
; Create Debugging Nodes for IP Cores                                             ; Off                ; Off                ;
; Preserve fewer node names                                                       ; On                 ; On                 ;
; Intel FPGA IP Evaluation Mode                                                   ; Enable             ; Enable             ;
; Verilog Version                                                                 ; Verilog_2001       ; Verilog_2001       ;
; VHDL Version                                                                    ; VHDL_1993          ; VHDL_1993          ;
; State Machine Processing                                                        ; Auto               ; Auto               ;
; Safe State Machine                                                              ; Off                ; Off                ;
; Extract Verilog State Machines                                                  ; On                 ; On                 ;
; Extract VHDL State Machines                                                     ; On                 ; On                 ;
; Ignore Verilog initial constructs                                               ; Off                ; Off                ;
; Iteration limit for constant Verilog loops                                      ; 5000               ; 5000               ;
; Iteration limit for non-constant Verilog loops                                  ; 250                ; 250                ;
; Add Pass-Through Logic to Inferred RAMs                                         ; On                 ; On                 ;
; Infer RAMs from Raw Logic                                                       ; On                 ; On                 ;
; Parallel Synthesis                                                              ; On                 ; On                 ;
; DSP Block Balancing                                                             ; Auto               ; Auto               ;
; NOT Gate Push-Back                                                              ; On                 ; On                 ;
; Power-Up Don't Care                                                             ; On                 ; On                 ;
; Remove Redundant Logic Cells                                                    ; Off                ; Off                ;
; Remove Duplicate Registers                                                      ; On                 ; On                 ;
; Ignore CARRY Buffers                                                            ; Off                ; Off                ;
; Ignore CASCADE Buffers                                                          ; Off                ; Off                ;
; Ignore GLOBAL Buffers                                                           ; Off                ; Off                ;
; Ignore ROW GLOBAL Buffers                                                       ; Off                ; Off                ;
; Ignore LCELL Buffers                                                            ; Off                ; Off                ;
; Ignore SOFT Buffers                                                             ; On                 ; On                 ;
; Limit AHDL Integers to 32 Bits                                                  ; Off                ; Off                ;
; Optimization Technique                                                          ; Balanced           ; Balanced           ;
; Carry Chain Length                                                              ; 70                 ; 70                 ;
; Auto Carry Chains                                                               ; On                 ; On                 ;
; Auto Open-Drain Pins                                                            ; On                 ; On                 ;
; Perform WYSIWYG Primitive Resynthesis                                           ; Off                ; Off                ;
; Auto ROM Replacement                                                            ; On                 ; On                 ;
; Auto RAM Replacement                                                            ; On                 ; On                 ;
; Auto DSP Block Replacement                                                      ; On                 ; On                 ;
; Auto Shift Register Replacement                                                 ; Auto               ; Auto               ;
; Allow Shift Register Merging across Hierarchies                                 ; Auto               ; Auto               ;
; Auto Clock Enable Replacement                                                   ; On                 ; On                 ;
; Strict RAM Replacement                                                          ; Off                ; Off                ;
; Allow Synchronous Control Signals                                               ; On                 ; On                 ;
; Force Use of Synchronous Clear Signals                                          ; Off                ; Off                ;
; Auto Resource Sharing                                                           ; Off                ; Off                ;
; Allow Any RAM Size For Recognition                                              ; Off                ; Off                ;
; Allow Any ROM Size For Recognition                                              ; Off                ; Off                ;
; Allow Any Shift Register Size For Recognition                                   ; Off                ; Off                ;
; Use LogicLock Constraints during Resource Balancing                             ; On                 ; On                 ;
; Ignore translate_off and synthesis_off directives                               ; Off                ; Off                ;
; Timing-Driven Synthesis                                                         ; On                 ; On                 ;
; Report Parameter Settings                                                       ; On                 ; On                 ;
; Report Source Assignments                                                       ; On                 ; On                 ;
; Report Connectivity Checks                                                      ; On                 ; On                 ;
; Ignore Maximum Fan-Out Assignments                                              ; Off                ; Off                ;
; Synchronization Register Chain Length                                           ; 3                  ; 3                  ;
; Power Optimization During Synthesis                                             ; Normal compilation ; Normal compilation ;
; HDL message level                                                               ; Level2             ; Level2             ;
; Suppress Register Optimization Related Messages                                 ; Off                ; Off                ;
; Number of Removed Registers Reported in Synthesis Report                        ; 5000               ; 5000               ;
; Number of Swept Nodes Reported in Synthesis Report                              ; 5000               ; 5000               ;
; Number of Inverted Registers Reported in Synthesis Report                       ; 100                ; 100                ;
; Clock MUX Protection                                                            ; On                 ; On                 ;
; Auto Gated Clock Conversion                                                     ; Off                ; Off                ;
; Block Design Naming                                                             ; Auto               ; Auto               ;
; SDC constraint protection                                                       ; Off                ; Off                ;
; Synthesis Effort                                                                ; Auto               ; Auto               ;
; Shift Register Replacement - Allow Asynchronous Clear Signal                    ; On                 ; On                 ;
; Pre-Mapping Resynthesis Optimization                                            ; Off                ; Off                ;
; Analysis & Synthesis Message Level                                              ; Medium             ; Medium             ;
; Disable Register Merging Across Hierarchies                                     ; Auto               ; Auto               ;
; Resource Aware Inference For Block RAM                                          ; On                 ; On                 ;
; Automatic Parallel Synthesis                                                    ; On                 ; On                 ;
; Partial Reconfiguration Bitstream ID                                            ; Off                ; Off                ;
+---------------------------------------------------------------------------------+--------------------+--------------------+


+------------------------------------------+
; Parallel Compilation                     ;
+----------------------------+-------------+
; Processors                 ; Number      ;
+----------------------------+-------------+
; Number detected on machine ; 8           ;
; Maximum allowed            ; 4           ;
;                            ;             ;
; Average used               ; 1.00        ;
; Maximum used               ; 4           ;
;                            ;             ;
; Usage by Processor         ; % Time Used ;
;     Processor 1            ; 100.0%      ;
;     Processors 2-4         ;   0.0%      ;
+----------------------------+-------------+


+-------------------------------------------------------------------------------------------------------------------------------------------------+
; Analysis & Synthesis Source Files Read                                                                                                          ;
+----------------------------------+-----------------+------------------------+---------------------------------------------------------+---------+
; File Name with User-Entered Path ; Used in Netlist ; File Type              ; File Name with Absolute Path                            ; Library ;
+----------------------------------+-----------------+------------------------+---------------------------------------------------------+---------+
; vending_machine.v                ; yes             ; User Verilog HDL File  ; E:/College/Sem_5/CLPD/vending_machine/vending_machine.v ;         ;
+----------------------------------+-----------------+------------------------+---------------------------------------------------------+---------+


+-------------------------------------------------------+
; Analysis & Synthesis Resource Usage Summary           ;
+---------------------------------------------+---------+
; Resource                                    ; Usage   ;
+---------------------------------------------+---------+
; Estimate of Logic utilization (ALMs needed) ; 7       ;
;                                             ;         ;
; Combinational ALUT usage for logic          ; 8       ;
;     -- 7 input functions                    ; 0       ;
;     -- 6 input functions                    ; 5       ;
;     -- 5 input functions                    ; 2       ;
;     -- 4 input functions                    ; 0       ;
;     -- <=3 input functions                  ; 1       ;
;                                             ;         ;
; Dedicated logic registers                   ; 6       ;
;                                             ;         ;
; I/O pins                                    ; 7       ;
;                                             ;         ;
; Total DSP Blocks                            ; 0       ;
;                                             ;         ;
; Maximum fan-out node                        ; a~input ;
; Maximum fan-out                             ; 7       ;
; Total fan-out                               ; 69      ;
; Average fan-out                             ; 2.46    ;
+---------------------------------------------+---------+


+--------------------------------------------------------------------------------------------------------------------------------------------------------------------------------------------+
; Analysis & Synthesis Resource Utilization by Entity                                                                                                                                        ;
+----------------------------+---------------------+---------------------------+-------------------+------------+------+--------------+---------------------+-----------------+--------------+
; Compilation Hierarchy Node ; Combinational ALUTs ; Dedicated Logic Registers ; Block Memory Bits ; DSP Blocks ; Pins ; Virtual Pins ; Full Hierarchy Name ; Entity Name     ; Library Name ;
+----------------------------+---------------------+---------------------------+-------------------+------------+------+--------------+---------------------+-----------------+--------------+
; |vending_machine           ; 8 (8)               ; 6 (6)                     ; 0                 ; 0          ; 7    ; 0            ; |vending_machine    ; vending_machine ; work         ;
+----------------------------+---------------------+---------------------------+-------------------+------------+------+--------------+---------------------+-----------------+--------------+
Note: For table entries with two numbers listed, the numbers in parentheses indicate the number of resources of the given type used by the specific entity alone. The numbers listed outside of parentheses indicate the total resources of the given type used by the specific entity and all of its sub-entities in the hierarchy.


Encoding Type:  One-Hot
+------------------------------------------+
; State Machine - |vending_machine|y       ;
+------+-----+-----+-----+-----+-----+-----+
; Name ; y.F ; y.E ; y.D ; y.C ; y.B ; y.A ;
+------+-----+-----+-----+-----+-----+-----+
; y.A  ; 0   ; 0   ; 0   ; 0   ; 0   ; 0   ;
; y.B  ; 0   ; 0   ; 0   ; 0   ; 1   ; 1   ;
; y.C  ; 0   ; 0   ; 0   ; 1   ; 0   ; 1   ;
; y.D  ; 0   ; 0   ; 1   ; 0   ; 0   ; 1   ;
; y.E  ; 0   ; 1   ; 0   ; 0   ; 0   ; 1   ;
; y.F  ; 1   ; 0   ; 0   ; 0   ; 0   ; 1   ;
+------+-----+-----+-----+-----+-----+-----+


+------------------------------------------------------------+
; Registers Removed During Synthesis                         ;
+---------------------------------------+--------------------+
; Register name                         ; Reason for Removal ;
+---------------------------------------+--------------------+
; y~4                                   ; Lost fanout        ;
; y~5                                   ; Lost fanout        ;
; y~6                                   ; Lost fanout        ;
; Total Number of Removed Registers = 3 ;                    ;
+---------------------------------------+--------------------+


+------------------------------------------------------+
; General Register Statistics                          ;
+----------------------------------------------+-------+
; Statistic                                    ; Value ;
+----------------------------------------------+-------+
; Total registers                              ; 6     ;
; Number of registers using Synchronous Clear  ; 0     ;
; Number of registers using Synchronous Load   ; 0     ;
; Number of registers using Asynchronous Clear ; 6     ;
; Number of registers using Asynchronous Load  ; 0     ;
; Number of registers using Clock Enable       ; 0     ;
; Number of registers using Preset             ; 0     ;
+----------------------------------------------+-------+


+------------------------------------------------------------------------------------------------------------------------------------------+
; Multiplexer Restructuring Statistics (Restructuring Performed)                                                                           ;
+--------------------+-----------+---------------+----------------------+------------------------+------------+----------------------------+
; Multiplexer Inputs ; Bus Width ; Baseline Area ; Area if Restructured ; Saving if Restructured ; Registered ; Example Multiplexer Output ;
+--------------------+-----------+---------------+----------------------+------------------------+------------+----------------------------+
; 3:1                ; 2 bits    ; 4 LEs         ; 4 LEs                ; 0 LEs                  ; No         ; |vending_machine|change    ;
+--------------------+-----------+---------------+----------------------+------------------------+------------+----------------------------+


+---------------------------------------------------------------------------------+
; Parameter Settings for User Entity Instance: Top-level Entity: |vending_machine ;
+----------------+-------+--------------------------------------------------------+
; Parameter Name ; Value ; Type                                                   ;
+----------------+-------+--------------------------------------------------------+
; A              ; 000   ; Unsigned Binary                                        ;
; B              ; 001   ; Unsigned Binary                                        ;
; C              ; 010   ; Unsigned Binary                                        ;
; D              ; 011   ; Unsigned Binary                                        ;
; E              ; 101   ; Unsigned Binary                                        ;
; F              ; 110   ; Unsigned Binary                                        ;
; c0             ; 000   ; Unsigned Binary                                        ;
; c1             ; 001   ; Unsigned Binary                                        ;
; c2             ; 010   ; Unsigned Binary                                        ;
; c3             ; 011   ; Unsigned Binary                                        ;
; c4             ; 111   ; Unsigned Binary                                        ;
+----------------+-------+--------------------------------------------------------+
Note: In order to hide this table in the UI and the text report file, please set the "Show Parameter Settings in Synthesis Report" option in "Analysis and Synthesis Settings -> More Settings" to "Off".


+-----------------------------------------------------+
; Post-Synthesis Netlist Statistics for Top Partition ;
+-----------------------+-----------------------------+
; Type                  ; Count                       ;
+-----------------------+-----------------------------+
; arriav_ff             ; 6                           ;
;     CLR               ; 6                           ;
; arriav_lcell_comb     ; 9                           ;
;     normal            ; 9                           ;
;         0 data inputs ; 1                           ;
;         3 data inputs ; 1                           ;
;         5 data inputs ; 2                           ;
;         6 data inputs ; 5                           ;
; boundary_port         ; 7                           ;
;                       ;                             ;
; Max LUT depth         ; 2.00                        ;
; Average LUT depth     ; 1.10                        ;
+-----------------------+-----------------------------+


+-------------------------------+
; Elapsed Time Per Partition    ;
+----------------+--------------+
; Partition Name ; Elapsed Time ;
+----------------+--------------+
; Top            ; 00:00:00     ;
+----------------+--------------+


+-------------------------------+
; Analysis & Synthesis Messages ;
+-------------------------------+
Info: *******************************************************************
Info: Running Quartus Prime Analysis & Synthesis
    Info: Version 21.1.1 Build 850 06/23/2022 SJ Lite Edition
    Info: Processing started: Wed Dec  7 20:51:01 2022
Info: Command: quartus_map --read_settings_files=on --write_settings_files=off vending_machine -c vending_machine
Warning (18236): Number of processors has not been specified which may cause overloading on shared machines.  Set the global assignment NUM_PARALLEL_PROCESSORS in your QSF to an appropriate value for best performance.
Info (20030): Parallel compilation is enabled and will use 4 of the 4 processors detected
Info (12021): Found 1 design units, including 1 entities, in source file vending_machine.v
    Info (12023): Found entity 1: vending_machine File: E:/College/Sem_5/CLPD/vending_machine/vending_machine.v Line: 1
Info (12021): Found 1 design units, including 1 entities, in source file vending_test.v
    Info (12023): Found entity 1: vending_test File: E:/College/Sem_5/CLPD/vending_machine/vending_test.v Line: 1
Info (12127): Elaborating entity "vending_machine" for the top level hierarchy
Warning (10230): Verilog HDL assignment warning at vending_machine.v(28): truncated value with size 3 to match size of target (1) File: E:/College/Sem_5/CLPD/vending_machine/vending_machine.v Line: 28
Warning (10230): Verilog HDL assignment warning at vending_machine.v(34): truncated value with size 3 to match size of target (1) File: E:/College/Sem_5/CLPD/vending_machine/vending_machine.v Line: 34
Warning (10230): Verilog HDL assignment warning at vending_machine.v(41): truncated value with size 3 to match size of target (1) File: E:/College/Sem_5/CLPD/vending_machine/vending_machine.v Line: 41
Warning (10230): Verilog HDL assignment warning at vending_machine.v(46): truncated value with size 3 to match size of target (1) File: E:/College/Sem_5/CLPD/vending_machine/vending_machine.v Line: 46
Warning (10230): Verilog HDL assignment warning at vending_machine.v(53): truncated value with size 3 to match size of target (1) File: E:/College/Sem_5/CLPD/vending_machine/vending_machine.v Line: 53
Warning (10230): Verilog HDL assignment warning at vending_machine.v(59): truncated value with size 3 to match size of target (1) File: E:/College/Sem_5/CLPD/vending_machine/vending_machine.v Line: 59
Warning (10230): Verilog HDL assignment warning at vending_machine.v(66): truncated value with size 3 to match size of target (1) File: E:/College/Sem_5/CLPD/vending_machine/vending_machine.v Line: 66
Warning (10230): Verilog HDL assignment warning at vending_machine.v(71): truncated value with size 3 to match size of target (1) File: E:/College/Sem_5/CLPD/vending_machine/vending_machine.v Line: 71
Warning (10230): Verilog HDL assignment warning at vending_machine.v(77): truncated value with size 3 to match size of target (1) File: E:/College/Sem_5/CLPD/vending_machine/vending_machine.v Line: 77
Warning (10230): Verilog HDL assignment warning at vending_machine.v(90): truncated value with size 3 to match size of target (1) File: E:/College/Sem_5/CLPD/vending_machine/vending_machine.v Line: 90
Warning (10230): Verilog HDL assignment warning at vending_machine.v(95): truncated value with size 3 to match size of target (1) File: E:/College/Sem_5/CLPD/vending_machine/vending_machine.v Line: 95
Warning (10230): Verilog HDL assignment warning at vending_machine.v(101): truncated value with size 3 to match size of target (1) File: E:/College/Sem_5/CLPD/vending_machine/vending_machine.v Line: 101
Warning (10230): Verilog HDL assignment warning at vending_machine.v(108): truncated value with size 3 to match size of target (1) File: E:/College/Sem_5/CLPD/vending_machine/vending_machine.v Line: 108
Warning (10230): Verilog HDL assignment warning at vending_machine.v(115): truncated value with size 3 to match size of target (1) File: E:/College/Sem_5/CLPD/vending_machine/vending_machine.v Line: 115
Warning (10230): Verilog HDL assignment warning at vending_machine.v(120): truncated value with size 3 to match size of target (1) File: E:/College/Sem_5/CLPD/vending_machine/vending_machine.v Line: 120
Warning (10230): Verilog HDL assignment warning at vending_machine.v(127): truncated value with size 3 to match size of target (1) File: E:/College/Sem_5/CLPD/vending_machine/vending_machine.v Line: 127
Warning (10230): Verilog HDL assignment warning at vending_machine.v(134): truncated value with size 3 to match size of target (1) File: E:/College/Sem_5/CLPD/vending_machine/vending_machine.v Line: 134
Warning (10230): Verilog HDL assignment warning at vending_machine.v(141): truncated value with size 3 to match size of target (1) File: E:/College/Sem_5/CLPD/vending_machine/vending_machine.v Line: 141
Warning (10230): Verilog HDL assignment warning at vending_machine.v(146): truncated value with size 3 to match size of target (1) File: E:/College/Sem_5/CLPD/vending_machine/vending_machine.v Line: 146
Warning (10230): Verilog HDL assignment warning at vending_machine.v(152): truncated value with size 3 to match size of target (1) File: E:/College/Sem_5/CLPD/vending_machine/vending_machine.v Line: 152
Warning (10240): Verilog HDL Always Construct warning at vending_machine.v(20): inferring latch(es) for variable "bottle", which holds its previous value in one or more paths through the always construct File: E:/College/Sem_5/CLPD/vending_machine/vending_machine.v Line: 20
Info (10041): Inferred latch for "bottle" at vending_machine.v(20) File: E:/College/Sem_5/CLPD/vending_machine/vending_machine.v Line: 20
Warning (13024): Output pins are stuck at VCC or GND
    Warning (13410): Pin "bottle" is stuck at VCC File: E:/College/Sem_5/CLPD/vending_machine/vending_machine.v Line: 4
Info (286030): Timing-Driven Synthesis is running
Info (17049): 3 registers lost all their fanouts during netlist optimizations.
Info (144001): Generated suppressed messages file E:/College/Sem_5/CLPD/vending_machine/output_files/vending_machine.map.smsg
Info (16010): Generating hard_block partition "hard_block:auto_generated_inst"
    Info (16011): Adding 0 node(s), including 0 DDIO, 0 PLL, 0 transceiver and 0 LCELL
Info (21057): Implemented 15 device resources after synthesis - the final resource count might be different
    Info (21058): Implemented 5 input pins
    Info (21059): Implemented 2 output pins
    Info (21061): Implemented 8 logic cells
Info: Quartus Prime Analysis & Synthesis was successful. 0 errors, 24 warnings
    Info: Peak virtual memory: 4837 megabytes
    Info: Processing ended: Wed Dec  7 20:51:09 2022
    Info: Elapsed time: 00:00:08
    Info: Total CPU time (on all processors): 00:00:11


+------------------------------------------+
; Analysis & Synthesis Suppressed Messages ;
+------------------------------------------+
The suppressed messages can be found in E:/College/Sem_5/CLPD/vending_machine/output_files/vending_machine.map.smsg.


